<?xml version="1.0" encoding="UTF-8"?>
<!-- Generated by org.testng.reporters.JUnitXMLReporter -->
<testsuite ignored="0" hostname="NetprosDE" failures="1" tests="1" name="Test" time="179.919" errors="0" timestamp="2021-09-10T10:17:03 IST">
  <testcase classname="com.mycustomgun.TestRunner.web.RegressionGuestUserCreateAndOrder" name="@AfterClass endApp" time="0.005">
    <failure type="org.openqa.selenium.UnhandledAlertException" message="unexpected alert open: {Alert text : WARNING :
            Depending on the chosen splash kit, certain parts in the lower will be replaced. For example, the Safety, Charging Handle, Iron Sights, Dust Cover, Trigger Guard, Forward Assist, Mag Release,Buffer Tube, &amp;amp; some of Lower Part Pins. The color presented is a close representation of what the physical firearm will look like, but the actual firearm may look different in person.}
  (Session info: headless chrome=93.0.4577.63)
  (Driver info: chromedriver=93.0.4577.63 (ff5c0da2ec0adeaed5550e6c7e98417dac77d98a-refs/branch-heads/4577@{#1135}),platform=Windows NT 10.0.19042 x86_64) (WARNING: The server did not provide any stacktrace information)
Command duration or timeout: 4 milliseconds: null
Build info: version: &amp;apos;2.53.1&amp;apos;, revision: &amp;apos;a36b8b1cd5757287168e54b817830adce9b0158d&amp;apos;, time: &amp;apos;2016-06-30 19:26:09&amp;apos;
System info: host: &amp;apos;NetprosDE&amp;apos;, ip: &amp;apos;192.168.0.111&amp;apos;, os.name: &amp;apos;Windows 10&amp;apos;, os.arch: &amp;apos;amd64&amp;apos;, os.version: &amp;apos;10.0&amp;apos;, java.version: &amp;apos;16.0.1&amp;apos;
Driver info: org.openqa.selenium.chrome.ChromeDriver
Capabilities [{mobileEmulationEnabled=false, timeouts={implicit=0, pageLoad=300000, script=30000}, hasTouchScreen=false, platform=XP, acceptSslCerts=false, goog:chromeOptions={debuggerAddress=localhost:63929}, webauthn:extension:credBlob=true, acceptInsecureCerts=false, webStorageEnabled=true, browserName=chrome, takesScreenshot=true, javascriptEnabled=true, setWindowRect=true, webauthn:extension:largeBlob=true, unexpectedAlertBehaviour=ignore, applicationCacheEnabled=false, rotatable=false, networkConnectionEnabled=false, chrome={chromedriverVersion=93.0.4577.63 (ff5c0da2ec0adeaed5550e6c7e98417dac77d98a-refs/branch-heads/4577@{#1135}), userDataDir=C:\Users\SUDHAA~1\AppData\Local\Temp\scoped_dir4328_532413221}, takesHeapSnapshot=true, pageLoadStrategy=normal, strictFileInteractability=false, databaseEnabled=false, handlesAlerts=true, version=93.0.4577.63, browserConnectionEnabled=false, proxy={}, nativeEvents=true, locationContextEnabled=true, cssSelectorsEnabled=true, webauthn:virtualAuthenticators=true}]
Session ID: ce1b9e5bcaf24e35ae2bd89c81ae1482">
      <![CDATA[org.openqa.selenium.UnhandledAlertException: unexpected alert open: {Alert text : WARNING :
            Depending on the chosen splash kit, certain parts in the lower will be replaced. For example, the Safety, Charging Handle, Iron Sights, Dust Cover, Trigger Guard, Forward Assist, Mag Release,Buffer Tube, & some of Lower Part Pins. The color presented is a close representation of what the physical firearm will look like, but the actual firearm may look different in person.}
  (Session info: headless chrome=93.0.4577.63)
  (Driver info: chromedriver=93.0.4577.63 (ff5c0da2ec0adeaed5550e6c7e98417dac77d98a-refs/branch-heads/4577@{#1135}),platform=Windows NT 10.0.19042 x86_64) (WARNING: The server did not provide any stacktrace information)
Command duration or timeout: 4 milliseconds: null
Build info: version: '2.53.1', revision: 'a36b8b1cd5757287168e54b817830adce9b0158d', time: '2016-06-30 19:26:09'
System info: host: 'NetprosDE', ip: '192.168.0.111', os.name: 'Windows 10', os.arch: 'amd64', os.version: '10.0', java.version: '16.0.1'
Driver info: org.openqa.selenium.chrome.ChromeDriver
Capabilities [{mobileEmulationEnabled=false, timeouts={implicit=0, pageLoad=300000, script=30000}, hasTouchScreen=false, platform=XP, acceptSslCerts=false, goog:chromeOptions={debuggerAddress=localhost:63929}, webauthn:extension:credBlob=true, acceptInsecureCerts=false, webStorageEnabled=true, browserName=chrome, takesScreenshot=true, javascriptEnabled=true, setWindowRect=true, webauthn:extension:largeBlob=true, unexpectedAlertBehaviour=ignore, applicationCacheEnabled=false, rotatable=false, networkConnectionEnabled=false, chrome={chromedriverVersion=93.0.4577.63 (ff5c0da2ec0adeaed5550e6c7e98417dac77d98a-refs/branch-heads/4577@{#1135}), userDataDir=C:\Users\SUDHAA~1\AppData\Local\Temp\scoped_dir4328_532413221}, takesHeapSnapshot=true, pageLoadStrategy=normal, strictFileInteractability=false, databaseEnabled=false, handlesAlerts=true, version=93.0.4577.63, browserConnectionEnabled=false, proxy={}, nativeEvents=true, locationContextEnabled=true, cssSelectorsEnabled=true, webauthn:virtualAuthenticators=true}]
Session ID: ce1b9e5bcaf24e35ae2bd89c81ae1482
at org.openqa.selenium.remote.ErrorHandler.createThrowable(ErrorHandler.java:206)
at org.openqa.selenium.remote.ErrorHandler.throwIfResponseFailed(ErrorHandler.java:164)
at org.openqa.selenium.remote.RemoteWebDriver.execute(RemoteWebDriver.java:678)
at org.openqa.selenium.remote.RemoteWebDriver.execute(RemoteWebDriver.java:701)
at org.openqa.selenium.remote.RemoteWebDriver.close(RemoteWebDriver.java:521)
at com.mycustomgun.TestRunner.web.RegressionGuestUserCreateAndOrder.endApp(RegressionGuestUserCreateAndOrder.java:107)
at java.base/java.util.ArrayList.forEach(ArrayList.java:1511)
... Removed 30 stack frames]]>
    </failure>
  </testcase> <!-- @AfterClass endApp -->
  <testcase classname="com.mycustomgun.TestBase.TestBase" name="@AfterTest endTest" time="-1.631249223152E9">
    <skipped/>
  </testcase> <!-- @AfterTest endTest -->
  <testcase classname="com.mycustomgun.TestRunner.web.RegressionGuestUserCreateAndOrder" name="guestUser_CreateGun_PlaceOrder" time="171.15">
    <failure type="java.lang.AssertionError" message="expected [Splash Kit] but found [null]">
      <![CDATA[java.lang.AssertionError: expected [Splash Kit] but found [null]
at com.mycustomgun.Utils.SeleniumUtils.asserstEqualsvalues(SeleniumUtils.java:96)
at com.mycustomgun.Utils.SeleniumUtils.speficationValidationname(SeleniumUtils.java:113)
at com.mycustomgun.Utils.SeleniumUtils.speficationValidation(SeleniumUtils.java:117)
at com.mycustomgun.pages.SplashKitPage.SplashKitColorSelection(SplashKitPage.java:52)
at com.mycustomgun.pages.SplashKitPage.splashkitPageSelection(SplashKitPage.java:43)
at com.mycustomgun.TestRunner.web.RegressionGuestUserCreateAndOrder.guestUser_CreateGun_PlaceOrder(RegressionGuestUserCreateAndOrder.java:78)
at java.base/java.util.ArrayList.forEach(ArrayList.java:1511)
... Removed 33 stack frames]]>
    </failure>
  </testcase> <!-- guestUser_CreateGun_PlaceOrder -->
</testsuite> <!-- Test -->
