<?xml version="1.0" encoding="UTF-8"?>
<testng-results ignored="0" total="1" passed="0" failed="1" skipped="0">
  <reporter-output>
  </reporter-output>
  <suite started-at="2021-09-10T10:14:03 IST" name="Suite" finished-at="2021-09-10T10:17:03 IST" duration-ms="179919">
    <groups>
      <group name="Regression">
        <method signature="RegressionGuestUserCreateAndOrder.guestUser_CreateGun_PlaceOrder()[pri:1, instance:com.mycustomgun.TestRunner.web.RegressionGuestUserCreateAndOrder@55de24cc]" name="guestUser_CreateGun_PlaceOrder" class="com.mycustomgun.TestRunner.web.RegressionGuestUserCreateAndOrder"/>
      </group> <!-- Regression -->
    </groups>
    <test started-at="2021-09-10T10:14:03 IST" name="Test" finished-at="2021-09-10T10:17:03 IST" duration-ms="179919">
      <class name="com.mycustomgun.TestRunner.web.RegressionGuestUserCreateAndOrder">
        <test-method is-config="true" signature="Reportsetup()[pri:0, instance:com.mycustomgun.TestRunner.web.RegressionGuestUserCreateAndOrder@55de24cc]" started-at="2021-09-10T10:14:03 IST" name="Reportsetup" finished-at="2021-09-10T10:14:04 IST" duration-ms="1303" status="PASS">
          <reporter-output>
          </reporter-output>
        </test-method> <!-- Reportsetup -->
        <test-method is-config="true" signature="launchApp()[pri:0, instance:com.mycustomgun.TestRunner.web.RegressionGuestUserCreateAndOrder@55de24cc]" started-at="2021-09-10T10:14:04 IST" name="launchApp" finished-at="2021-09-10T10:14:11 IST" duration-ms="7359" status="PASS">
          <reporter-output>
          </reporter-output>
        </test-method> <!-- launchApp -->
        <test-method signature="guestUser_CreateGun_PlaceOrder()[pri:1, instance:com.mycustomgun.TestRunner.web.RegressionGuestUserCreateAndOrder@55de24cc]" started-at="2021-09-10T10:14:11 IST" name="guestUser_CreateGun_PlaceOrder" description="This test case will validate GunBuilder Header" finished-at="2021-09-10T10:17:03 IST" duration-ms="171150" status="FAIL">
          <exception class="java.lang.AssertionError">
            <message>
              <![CDATA[expected [Splash Kit] but found [null]]]>
            </message>
            <full-stacktrace>
              <![CDATA[java.lang.AssertionError: expected [Splash Kit] but found [null]
at org.testng.Assert.fail(Assert.java:99)
at org.testng.Assert.failNotEquals(Assert.java:1037)
at org.testng.Assert.assertEqualsImpl(Assert.java:140)
at org.testng.Assert.assertEquals(Assert.java:122)
at org.testng.Assert.assertEquals(Assert.java:629)
at org.testng.Assert.assertEquals(Assert.java:639)
at com.mycustomgun.Utils.SeleniumUtils.asserstEqualsvalues(SeleniumUtils.java:96)
at com.mycustomgun.Utils.SeleniumUtils.speficationValidationname(SeleniumUtils.java:113)
at com.mycustomgun.Utils.SeleniumUtils.speficationValidation(SeleniumUtils.java:117)
at com.mycustomgun.pages.SplashKitPage.SplashKitColorSelection(SplashKitPage.java:52)
at com.mycustomgun.pages.SplashKitPage.splashkitPageSelection(SplashKitPage.java:43)
at com.mycustomgun.TestRunner.web.RegressionGuestUserCreateAndOrder.guestUser_CreateGun_PlaceOrder(RegressionGuestUserCreateAndOrder.java:78)
at java.base/jdk.internal.reflect.NativeMethodAccessorImpl.invoke0(Native Method)
at java.base/jdk.internal.reflect.NativeMethodAccessorImpl.invoke(NativeMethodAccessorImpl.java:78)
at java.base/jdk.internal.reflect.DelegatingMethodAccessorImpl.invoke(DelegatingMethodAccessorImpl.java:43)
at java.base/java.lang.reflect.Method.invoke(Method.java:567)
at org.testng.internal.MethodInvocationHelper.invokeMethod(MethodInvocationHelper.java:133)
at org.testng.internal.TestInvoker.invokeMethod(TestInvoker.java:598)
at org.testng.internal.TestInvoker.invokeTestMethod(TestInvoker.java:173)
at org.testng.internal.MethodRunner.runInSequence(MethodRunner.java:46)
at org.testng.internal.TestInvoker$MethodInvocationAgent.invoke(TestInvoker.java:824)
at org.testng.internal.TestInvoker.invokeTestMethods(TestInvoker.java:146)
at org.testng.internal.TestMethodWorker.invokeTestMethods(TestMethodWorker.java:146)
at org.testng.internal.TestMethodWorker.run(TestMethodWorker.java:128)
at java.base/java.util.ArrayList.forEach(ArrayList.java:1511)
at org.testng.TestRunner.privateRun(TestRunner.java:794)
at org.testng.TestRunner.run(TestRunner.java:596)
at org.testng.SuiteRunner.runTest(SuiteRunner.java:377)
at org.testng.SuiteRunner.runSequentially(SuiteRunner.java:371)
at org.testng.SuiteRunner.privateRun(SuiteRunner.java:332)
at org.testng.SuiteRunner.run(SuiteRunner.java:276)
at org.testng.SuiteRunnerWorker.runSuite(SuiteRunnerWorker.java:53)
at org.testng.SuiteRunnerWorker.run(SuiteRunnerWorker.java:96)
at org.testng.TestNG.runSuitesSequentially(TestNG.java:1212)
at org.testng.TestNG.runSuitesLocally(TestNG.java:1134)
at org.testng.TestNG.runSuites(TestNG.java:1063)
at org.testng.TestNG.run(TestNG.java:1031)
at org.testng.remote.AbstractRemoteTestNG.run(AbstractRemoteTestNG.java:115)
at org.testng.remote.RemoteTestNG.initAndRun(RemoteTestNG.java:251)
at org.testng.remote.RemoteTestNG.main(RemoteTestNG.java:77)
]]>
            </full-stacktrace>
          </exception> <!-- java.lang.AssertionError -->
          <reporter-output>
          </reporter-output>
        </test-method> <!-- guestUser_CreateGun_PlaceOrder -->
        <test-method is-config="true" signature="getReport(org.testng.ITestResult)[pri:0, instance:com.mycustomgun.TestRunner.web.RegressionGuestUserCreateAndOrder@55de24cc]" started-at="2021-09-10T10:17:03 IST" name="getReport" finished-at="2021-09-10T10:17:03 IST" duration-ms="12" status="PASS">
          <params>
            <param index="0">
              <value>
                <![CDATA[[TestResult name=guestUser_CreateGun_PlaceOrder status=FAILURE method=RegressionGuestUserCreateAndOrder.guestUser_CreateGun_PlaceOrder()[pri:1, instance:com.mycustomgun.TestRunner.web.RegressionGuestUserCreateAndOrder@55de24cc] output={null}]]]>
              </value>
            </param>
          </params>
          <reporter-output>
          </reporter-output>
        </test-method> <!-- getReport -->
        <test-method is-config="true" signature="endApp()[pri:0, instance:com.mycustomgun.TestRunner.web.RegressionGuestUserCreateAndOrder@55de24cc]" started-at="2021-09-10T10:17:03 IST" name="endApp" finished-at="2021-09-10T10:17:03 IST" duration-ms="5" status="FAIL">
          <exception class="org.openqa.selenium.UnhandledAlertException">
            <message>
              <![CDATA[unexpected alert open: {Alert text : WARNING :
            Depending on the chosen splash kit, certain parts in the lower will be replaced. For example, the Safety, Charging Handle, Iron Sights, Dust Cover, Trigger Guard, Forward Assist, Mag Release,Buffer Tube, & some of Lower Part Pins. The color presented is a close representation of what the physical firearm will look like, but the actual firearm may look different in person.}
  (Session info: headless chrome=93.0.4577.63)
  (Driver info: chromedriver=93.0.4577.63 (ff5c0da2ec0adeaed5550e6c7e98417dac77d98a-refs/branch-heads/4577@{#1135}),platform=Windows NT 10.0.19042 x86_64) (WARNING: The server did not provide any stacktrace information)
Command duration or timeout: 4 milliseconds: null
Build info: version: '2.53.1', revision: 'a36b8b1cd5757287168e54b817830adce9b0158d', time: '2016-06-30 19:26:09'
System info: host: 'NetprosDE', ip: '192.168.0.111', os.name: 'Windows 10', os.arch: 'amd64', os.version: '10.0', java.version: '16.0.1'
Driver info: org.openqa.selenium.chrome.ChromeDriver
Capabilities [{mobileEmulationEnabled=false, timeouts={implicit=0, pageLoad=300000, script=30000}, hasTouchScreen=false, platform=XP, acceptSslCerts=false, goog:chromeOptions={debuggerAddress=localhost:63929}, webauthn:extension:credBlob=true, acceptInsecureCerts=false, webStorageEnabled=true, browserName=chrome, takesScreenshot=true, javascriptEnabled=true, setWindowRect=true, webauthn:extension:largeBlob=true, unexpectedAlertBehaviour=ignore, applicationCacheEnabled=false, rotatable=false, networkConnectionEnabled=false, chrome={chromedriverVersion=93.0.4577.63 (ff5c0da2ec0adeaed5550e6c7e98417dac77d98a-refs/branch-heads/4577@{#1135}), userDataDir=C:\Users\SUDHAA~1\AppData\Local\Temp\scoped_dir4328_532413221}, takesHeapSnapshot=true, pageLoadStrategy=normal, strictFileInteractability=false, databaseEnabled=false, handlesAlerts=true, version=93.0.4577.63, browserConnectionEnabled=false, proxy={}, nativeEvents=true, locationContextEnabled=true, cssSelectorsEnabled=true, webauthn:virtualAuthenticators=true}]
Session ID: ce1b9e5bcaf24e35ae2bd89c81ae1482]]>
            </message>
            <full-stacktrace>
              <![CDATA[org.openqa.selenium.UnhandledAlertException: unexpected alert open: {Alert text : WARNING :
            Depending on the chosen splash kit, certain parts in the lower will be replaced. For example, the Safety, Charging Handle, Iron Sights, Dust Cover, Trigger Guard, Forward Assist, Mag Release,Buffer Tube, & some of Lower Part Pins. The color presented is a close representation of what the physical firearm will look like, but the actual firearm may look different in person.}
  (Session info: headless chrome=93.0.4577.63)
  (Driver info: chromedriver=93.0.4577.63 (ff5c0da2ec0adeaed5550e6c7e98417dac77d98a-refs/branch-heads/4577@{#1135}),platform=Windows NT 10.0.19042 x86_64) (WARNING: The server did not provide any stacktrace information)
Command duration or timeout: 4 milliseconds: null
Build info: version: '2.53.1', revision: 'a36b8b1cd5757287168e54b817830adce9b0158d', time: '2016-06-30 19:26:09'
System info: host: 'NetprosDE', ip: '192.168.0.111', os.name: 'Windows 10', os.arch: 'amd64', os.version: '10.0', java.version: '16.0.1'
Driver info: org.openqa.selenium.chrome.ChromeDriver
Capabilities [{mobileEmulationEnabled=false, timeouts={implicit=0, pageLoad=300000, script=30000}, hasTouchScreen=false, platform=XP, acceptSslCerts=false, goog:chromeOptions={debuggerAddress=localhost:63929}, webauthn:extension:credBlob=true, acceptInsecureCerts=false, webStorageEnabled=true, browserName=chrome, takesScreenshot=true, javascriptEnabled=true, setWindowRect=true, webauthn:extension:largeBlob=true, unexpectedAlertBehaviour=ignore, applicationCacheEnabled=false, rotatable=false, networkConnectionEnabled=false, chrome={chromedriverVersion=93.0.4577.63 (ff5c0da2ec0adeaed5550e6c7e98417dac77d98a-refs/branch-heads/4577@{#1135}), userDataDir=C:\Users\SUDHAA~1\AppData\Local\Temp\scoped_dir4328_532413221}, takesHeapSnapshot=true, pageLoadStrategy=normal, strictFileInteractability=false, databaseEnabled=false, handlesAlerts=true, version=93.0.4577.63, browserConnectionEnabled=false, proxy={}, nativeEvents=true, locationContextEnabled=true, cssSelectorsEnabled=true, webauthn:virtualAuthenticators=true}]
Session ID: ce1b9e5bcaf24e35ae2bd89c81ae1482
at java.base/jdk.internal.reflect.NativeConstructorAccessorImpl.newInstance0(Native Method)
at java.base/jdk.internal.reflect.NativeConstructorAccessorImpl.newInstance(NativeConstructorAccessorImpl.java:78)
at java.base/jdk.internal.reflect.DelegatingConstructorAccessorImpl.newInstance(DelegatingConstructorAccessorImpl.java:45)
at java.base/java.lang.reflect.Constructor.newInstanceWithCaller(Constructor.java:499)
at java.base/java.lang.reflect.Constructor.newInstance(Constructor.java:480)
at org.openqa.selenium.remote.ErrorHandler.createThrowable(ErrorHandler.java:206)
at org.openqa.selenium.remote.ErrorHandler.throwIfResponseFailed(ErrorHandler.java:164)
at org.openqa.selenium.remote.RemoteWebDriver.execute(RemoteWebDriver.java:678)
at org.openqa.selenium.remote.RemoteWebDriver.execute(RemoteWebDriver.java:701)
at org.openqa.selenium.remote.RemoteWebDriver.close(RemoteWebDriver.java:521)
at com.mycustomgun.TestRunner.web.RegressionGuestUserCreateAndOrder.endApp(RegressionGuestUserCreateAndOrder.java:107)
at java.base/jdk.internal.reflect.NativeMethodAccessorImpl.invoke0(Native Method)
at java.base/jdk.internal.reflect.NativeMethodAccessorImpl.invoke(NativeMethodAccessorImpl.java:78)
at java.base/jdk.internal.reflect.DelegatingMethodAccessorImpl.invoke(DelegatingMethodAccessorImpl.java:43)
at java.base/java.lang.reflect.Method.invoke(Method.java:567)
at org.testng.internal.MethodInvocationHelper.invokeMethod(MethodInvocationHelper.java:133)
at org.testng.internal.MethodInvocationHelper.invokeMethodConsideringTimeout(MethodInvocationHelper.java:62)
at org.testng.internal.ConfigInvoker.invokeConfigurationMethod(ConfigInvoker.java:385)
at org.testng.internal.ConfigInvoker.invokeConfigurations(ConfigInvoker.java:321)
at org.testng.internal.TestMethodWorker.invokeAfterClassMethods(TestMethodWorker.java:217)
at org.testng.internal.TestMethodWorker.run(TestMethodWorker.java:130)
at java.base/java.util.ArrayList.forEach(ArrayList.java:1511)
at org.testng.TestRunner.privateRun(TestRunner.java:794)
at org.testng.TestRunner.run(TestRunner.java:596)
at org.testng.SuiteRunner.runTest(SuiteRunner.java:377)
at org.testng.SuiteRunner.runSequentially(SuiteRunner.java:371)
at org.testng.SuiteRunner.privateRun(SuiteRunner.java:332)
at org.testng.SuiteRunner.run(SuiteRunner.java:276)
at org.testng.SuiteRunnerWorker.runSuite(SuiteRunnerWorker.java:53)
at org.testng.SuiteRunnerWorker.run(SuiteRunnerWorker.java:96)
at org.testng.TestNG.runSuitesSequentially(TestNG.java:1212)
at org.testng.TestNG.runSuitesLocally(TestNG.java:1134)
at org.testng.TestNG.runSuites(TestNG.java:1063)
at org.testng.TestNG.run(TestNG.java:1031)
at org.testng.remote.AbstractRemoteTestNG.run(AbstractRemoteTestNG.java:115)
at org.testng.remote.RemoteTestNG.initAndRun(RemoteTestNG.java:251)
at org.testng.remote.RemoteTestNG.main(RemoteTestNG.java:77)
]]>
            </full-stacktrace>
          </exception> <!-- org.openqa.selenium.UnhandledAlertException -->
          <reporter-output>
          </reporter-output>
        </test-method> <!-- endApp -->
        <test-method is-config="true" signature="endTest()[pri:0, instance:com.mycustomgun.TestRunner.web.RegressionGuestUserCreateAndOrder@55de24cc]" started-at="2021-09-10T10:17:03 IST" name="endTest" finished-at="1970-01-01T05:30:00 IST" duration-ms="-1631249223152" status="SKIP">
          <reporter-output>
          </reporter-output>
        </test-method> <!-- endTest -->
      </class> <!-- com.mycustomgun.TestRunner.web.RegressionGuestUserCreateAndOrder -->
    </test> <!-- Test -->
  </suite> <!-- Suite -->
</testng-results>
